SF:lib\models\avatar\avatar_entity.dart
DA:10,2
DA:17,2
DA:18,2
DA:19,2
DA:20,2
DA:21,2
DA:23,2
DA:24,4
DA:29,2
DA:30,2
DA:31,2
DA:32,2
DA:33,2
DA:34,4
DA:38,1
DA:44,1
DA:45,1
DA:46,1
DA:47,1
DA:48,1
LF:20
LH:20
end_of_record
SF:lib\models\moeda_permanente\moeda_permanente_entity.dart
DA:6,2
DA:8,2
DA:9,2
DA:10,2
DA:11,2
DA:15,2
DA:16,6
DA:19,0
DA:20,0
DA:21,0
DA:22,0
LF:11
LH:7
end_of_record
SF:lib\models\progressao\progressao_entity.dart
DA:9,3
DA:17,3
DA:18,3
DA:19,3
DA:20,3
DA:21,3
DA:22,3
DA:23,3
DA:27,3
DA:28,3
DA:29,3
DA:30,3
DA:31,3
DA:32,3
DA:33,3
DA:37,0
DA:44,0
DA:45,0
DA:47,0
DA:48,0
DA:50,0
DA:51,0
LF:22
LH:15
end_of_record
SF:lib\models\user\user_entity.dart
DA:22,1
DA:32,1
DA:33,1
DA:34,1
DA:35,1
DA:36,1
DA:37,1
DA:38,3
DA:40,1
DA:41,2
DA:44,1
DA:45,1
DA:46,1
DA:47,1
DA:52,1
DA:53,1
DA:54,1
DA:55,1
DA:56,1
DA:57,1
DA:58,2
DA:59,2
DA:60,3
DA:64,1
DA:73,1
DA:74,1
DA:75,1
DA:76,1
DA:77,1
DA:78,1
DA:79,1
DA:80,1
LF:32
LH:32
end_of_record
SF:lib\models\dungeon\dungeon_entity.dart
DA:9,0
DA:17,0
DA:18,0
DA:19,0
DA:20,0
DA:21,0
DA:22,0
DA:23,0
DA:27,0
DA:28,0
DA:29,0
DA:30,0
DA:31,0
DA:32,0
DA:33,0
DA:37,0
DA:44,0
DA:45,0
DA:46,0
DA:47,0
DA:48,0
DA:49,0
LF:22
LH:0
end_of_record
