# JRE version: OpenJDK Runtime Environment (21.0.4) (build 21.0.4+-12508038-b607.1)
# Java VM: OpenJDK 64-Bit Server VM (21.0.4+-12508038-b607.1, mixed mode, tiered, compressed oops, compressed class ptrs, g1 gc, windows-amd64)
GC Precious Log:
 CardTable entry size: 512
 Card Set container configuration: InlinePtr #cards 4 size 8 Array Of Cards #cards 16 size 48 Howl #buckets 8 coarsen threshold 3686 Howl Bitmap #cards 512 size 80 coarsen threshold 460 Card regions per heap region 1 cards per card region 4096
 CPUs: 12 total, 12 available
 Memory: 7895M
 Large Page Support: Disabled
 NUMA Support: Disabled
 Compressed Oops: Enabled (Zero based)
 Heap Region Size: 2M
 Heap Min Capacity: 8M
 Heap Initial Capacity: 124M
 Heap Max Capacity: 4G
 Pre-touch: Disabled
 Parallel Workers: 10
 Concurrent Workers: 3
 Concurrent Refinement Workers: 10
 Periodic GC: Disabled
Heap:
 garbage-first heap   total 337920K, used 219975K [0x0000000700000000, 0x0000000800000000)
  region size 2048K, 6 young (12288K), 6 survivors (12288K)
 Metaspace       used 126991K, committed 129600K, reserved 1179648K
  class space    used 17389K, committed 18624K, reserved 1048576K
GC Heap History (20 events):
Event: 22.856 GC heap after
{Heap after GC invocations=46 (full 0):
 garbage-first heap   total 253952K, used 151943K [0x0000000700000000, 0x0000000800000000)
  region size 2048K, 2 young (4096K), 2 survivors (4096K)
 Metaspace       used 111390K, committed 113600K, reserved 1179648K
  class space    used 15267K, committed 16384K, reserved 1048576K
}
Event: 23.483 GC heap before
{Heap before GC invocations=46 (full 0):
 garbage-first heap   total 253952K, used 229767K [0x0000000700000000, 0x0000000800000000)
  region size 2048K, 40 young (81920K), 2 survivors (4096K)
 Metaspace       used 115065K, committed 117440K, reserved 1179648K
  class space    used 15795K, committed 16960K, reserved 1048576K
}
Event: 23.493 GC heap after
{Heap after GC invocations=47 (full 0):
 garbage-first heap   total 253952K, used 157817K [0x0000000700000000, 0x0000000800000000)
  region size 2048K, 5 young (10240K), 5 survivors (10240K)
 Metaspace       used 115065K, committed 117440K, reserved 1179648K
  class space    used 15795K, committed 16960K, reserved 1048576K
}
Event: 23.822 GC heap before
{Heap before GC invocations=47 (full 0):
 garbage-first heap   total 253952K, used 227449K [0x0000000700000000, 0x0000000800000000)
  region size 2048K, 39 young (79872K), 5 survivors (10240K)
 Metaspace       used 115341K, committed 117632K, reserved 1179648K
  class space    used 15817K, committed 16960K, reserved 1048576K
}
Event: 23.829 GC heap after
{Heap after GC invocations=48 (full 0):
 garbage-first heap   total 305152K, used 163477K [0x0000000700000000, 0x0000000800000000)
  region size 2048K, 3 young (6144K), 3 survivors (6144K)
 Metaspace       used 115341K, committed 117632K, reserved 1179648K
  class space    used 15817K, committed 16960K, reserved 1048576K
}
Event: 24.678 GC heap before
{Heap before GC invocations=49 (full 0):
 garbage-first heap   total 305152K, used 272021K [0x0000000700000000, 0x0000000800000000)
  region size 2048K, 56 young (114688K), 3 survivors (6144K)
 Metaspace       used 117794K, committed 120256K, reserved 1179648K
  class space    used 16214K, committed 17408K, reserved 1048576K
}
Event: 24.685 GC heap after
{Heap after GC invocations=50 (full 0):
 garbage-first heap   total 305152K, used 174236K [0x0000000700000000, 0x0000000800000000)
  region size 2048K, 7 young (14336K), 7 survivors (14336K)
 Metaspace       used 117794K, committed 120256K, reserved 1179648K
  class space    used 16214K, committed 17408K, reserved 1048576K
}
Event: 24.971 GC heap before
{Heap before GC invocations=50 (full 0):
 garbage-first heap   total 305152K, used 270492K [0x0000000700000000, 0x0000000800000000)
  region size 2048K, 55 young (112640K), 7 survivors (14336K)
 Metaspace       used 117925K, committed 120384K, reserved 1179648K
  class space    used 16230K, committed 17408K, reserved 1048576K
}
Event: 24.978 GC heap after
{Heap after GC invocations=51 (full 0):
 garbage-first heap   total 305152K, used 175251K [0x0000000700000000, 0x0000000800000000)
  region size 2048K, 3 young (6144K), 3 survivors (6144K)
 Metaspace       used 117925K, committed 120384K, reserved 1179648K
  class space    used 16230K, committed 17408K, reserved 1048576K
}
Event: 25.718 GC heap before
{Heap before GC invocations=51 (full 0):
 garbage-first heap   total 305152K, used 277651K [0x0000000700000000, 0x0000000800000000)
  region size 2048K, 54 young (110592K), 3 survivors (6144K)
 Metaspace       used 118320K, committed 120768K, reserved 1179648K
  class space    used 16274K, committed 17472K, reserved 1048576K
}
Event: 25.726 GC heap after
{Heap after GC invocations=52 (full 0):
 garbage-first heap   total 305152K, used 187998K [0x0000000700000000, 0x0000000800000000)
  region size 2048K, 7 young (14336K), 7 survivors (14336K)
 Metaspace       used 118320K, committed 120768K, reserved 1179648K
  class space    used 16274K, committed 17472K, reserved 1048576K
}
Event: 26.206 GC heap before
{Heap before GC invocations=53 (full 0):
 garbage-first heap   total 315392K, used 269918K [0x0000000700000000, 0x0000000800000000)
  region size 2048K, 48 young (98304K), 7 survivors (14336K)
 Metaspace       used 118651K, committed 121152K, reserved 1179648K
  class space    used 16312K, committed 17536K, reserved 1048576K
}
Event: 26.217 GC heap after
{Heap after GC invocations=54 (full 0):
 garbage-first heap   total 315392K, used 195844K [0x0000000700000000, 0x0000000800000000)
  region size 2048K, 5 young (10240K), 5 survivors (10240K)
 Metaspace       used 118651K, committed 121152K, reserved 1179648K
  class space    used 16312K, committed 17536K, reserved 1048576K
}
Event: 26.368 GC heap before
{Heap before GC invocations=54 (full 0):
 garbage-first heap   total 315392K, used 281860K [0x0000000700000000, 0x0000000800000000)
  region size 2048K, 48 young (98304K), 5 survivors (10240K)
 Metaspace       used 118652K, committed 121152K, reserved 1179648K
  class space    used 16312K, committed 17536K, reserved 1048576K
}
Event: 26.375 GC heap after
{Heap after GC invocations=55 (full 0):
 garbage-first heap   total 315392K, used 195628K [0x0000000700000000, 0x0000000800000000)
  region size 2048K, 3 young (6144K), 3 survivors (6144K)
 Metaspace       used 118652K, committed 121152K, reserved 1179648K
  class space    used 16312K, committed 17536K, reserved 1048576K
}
Event: 26.669 GC heap before
{Heap before GC invocations=55 (full 0):
 garbage-first heap   total 315392K, used 285740K [0x0000000700000000, 0x0000000800000000)
  region size 2048K, 48 young (98304K), 3 survivors (6144K)
 Metaspace       used 118842K, committed 121344K, reserved 1179648K
  class space    used 16333K, committed 17536K, reserved 1048576K
}
Event: 26.674 GC heap after
{Heap after GC invocations=56 (full 0):
 garbage-first heap   total 315392K, used 200206K [0x0000000700000000, 0x0000000800000000)
  region size 2048K, 5 young (10240K), 5 survivors (10240K)
 Metaspace       used 118842K, committed 121344K, reserved 1179648K
  class space    used 16333K, committed 17536K, reserved 1048576K
}
Event: 27.444 GC heap before
{Heap before GC invocations=57 (full 0):
 garbage-first heap   total 337920K, used 284174K [0x0000000700000000, 0x0000000800000000)
  region size 2048K, 46 young (94208K), 5 survivors (10240K)
 Metaspace       used 120821K, committed 123392K, reserved 1179648K
  class space    used 16551K, committed 17792K, reserved 1048576K
}
Event: 27.453 GC heap after
{Heap after GC invocations=58 (full 0):
 garbage-first heap   total 337920K, used 209847K [0x0000000700000000, 0x0000000800000000)
  region size 2048K, 6 young (12288K), 6 survivors (12288K)
 Metaspace       used 120821K, committed 123392K, reserved 1179648K
  class space    used 16551K, committed 17792K, reserved 1048576K
}
Event: 28.484 GC heap before
{Heap before GC invocations=58 (full 0):
 garbage-first heap   total 337920K, used 306103K [0x0000000700000000, 0x0000000800000000)
  region size 2048K, 53 young (108544K), 6 survivors (12288K)
 Metaspace       used 126991K, committed 129600K, reserved 1179648K
  class space    used 17389K, committed 18624K, reserved 1048576K
}

