# JRE version: OpenJDK Runtime Environment Temurin-21.0.6+7 (21.0.6+7) (build 21.0.6+7-LTS)
# Java VM: OpenJDK 64-Bit Server VM Temurin-21.0.6+7 (21.0.6+7-LTS, mixed mode, sharing, tiered, compressed oops, compressed class ptrs, g1 gc, windows-amd64)
GC Precious Log:
 CardTable entry size: 512
 Card Set container configuration: InlinePtr #cards 4 size 8 Array Of Cards #cards 16 size 48 Howl #buckets 8 coarsen threshold 3686 Howl Bitmap #cards 512 size 80 coarsen threshold 460 Card regions per heap region 1 cards per card region 4096
 CPUs: 12 total, 12 available
 Memory: 7895M
 Large Page Support: Disabled
 NUMA Support: Disabled
 Compressed Oops: Enabled (Zero based)
 Heap Region Size: 2M
 Heap Min Capacity: 8M
 Heap Initial Capacity: 124M
 Heap Max Capacity: 4G
 Pre-touch: Disabled
 Parallel Workers: 10
 Concurrent Workers: 3
 Concurrent Refinement Workers: 10
 Periodic GC: Disabled
Heap:
 garbage-first heap   total 260096K, used 170717K [0x0000000700000000, 0x0000000800000000)
  region size 2048K, 8 young (16384K), 5 survivors (10240K)
 Metaspace       used 126089K, committed 128768K, reserved 1179648K
  class space    used 16823K, committed 18176K, reserved 1048576K
GC Heap History (20 events):
Event: 26.635 GC heap before
{Heap before GC invocations=29 (full 0):
 garbage-first heap   total 157696K, used 135693K [0x0000000700000000, 0x0000000800000000)
  region size 2048K, 19 young (38912K), 3 survivors (6144K)
 Metaspace       used 78736K, committed 80960K, reserved 1179648K
  class space    used 11084K, committed 12160K, reserved 1048576K
}
Event: 26.640 GC heap after
{Heap after GC invocations=30 (full 0):
 garbage-first heap   total 157696K, used 105911K [0x0000000700000000, 0x0000000800000000)
  region size 2048K, 2 young (4096K), 2 survivors (4096K)
 Metaspace       used 78736K, committed 80960K, reserved 1179648K
  class space    used 11084K, committed 12160K, reserved 1048576K
}
Event: 27.108 GC heap before
{Heap before GC invocations=31 (full 0):
 garbage-first heap   total 182272K, used 134583K [0x0000000700000000, 0x0000000800000000)
  region size 2048K, 17 young (34816K), 2 survivors (4096K)
 Metaspace       used 83409K, committed 85632K, reserved 1179648K
  class space    used 11670K, committed 12736K, reserved 1048576K
}
Event: 27.111 GC heap after
{Heap after GC invocations=32 (full 0):
 garbage-first heap   total 182272K, used 106899K [0x0000000700000000, 0x0000000800000000)
  region size 2048K, 3 young (6144K), 3 survivors (6144K)
 Metaspace       used 83409K, committed 85632K, reserved 1179648K
  class space    used 11670K, committed 12736K, reserved 1048576K
}
Event: 27.933 GC heap before
{Heap before GC invocations=32 (full 0):
 garbage-first heap   total 182272K, used 164243K [0x0000000700000000, 0x0000000800000000)
  region size 2048K, 29 young (59392K), 3 survivors (6144K)
 Metaspace       used 88633K, committed 90880K, reserved 1179648K
  class space    used 12752K, committed 13824K, reserved 1048576K
}
Event: 27.945 GC heap after
{Heap after GC invocations=33 (full 0):
 garbage-first heap   total 186368K, used 122880K [0x0000000700000000, 0x0000000800000000)
  region size 2048K, 4 young (8192K), 4 survivors (8192K)
 Metaspace       used 88633K, committed 90880K, reserved 1179648K
  class space    used 12752K, committed 13824K, reserved 1048576K
}
Event: 28.111 GC heap before
{Heap before GC invocations=33 (full 0):
 garbage-first heap   total 186368K, used 163840K [0x0000000700000000, 0x0000000800000000)
  region size 2048K, 24 young (49152K), 4 survivors (8192K)
 Metaspace       used 88654K, committed 90880K, reserved 1179648K
  class space    used 12753K, committed 13824K, reserved 1048576K
}
Event: 28.123 GC heap after
{Heap after GC invocations=34 (full 0):
 garbage-first heap   total 243712K, used 129293K [0x0000000700000000, 0x0000000800000000)
  region size 2048K, 3 young (6144K), 3 survivors (6144K)
 Metaspace       used 88654K, committed 90880K, reserved 1179648K
  class space    used 12753K, committed 13824K, reserved 1048576K
}
Event: 28.915 GC heap before
{Heap before GC invocations=35 (full 0):
 garbage-first heap   total 243712K, used 198925K [0x0000000700000000, 0x0000000800000000)
  region size 2048K, 35 young (71680K), 3 survivors (6144K)
 Metaspace       used 93007K, committed 95232K, reserved 1179648K
  class space    used 13243K, committed 14336K, reserved 1048576K
}
Event: 28.924 GC heap after
{Heap after GC invocations=36 (full 0):
 garbage-first heap   total 243712K, used 147127K [0x0000000700000000, 0x0000000800000000)
  region size 2048K, 5 young (10240K), 5 survivors (10240K)
 Metaspace       used 93007K, committed 95232K, reserved 1179648K
  class space    used 13243K, committed 14336K, reserved 1048576K
}
Event: 29.627 GC heap before
{Heap before GC invocations=36 (full 0):
 garbage-first heap   total 243712K, used 206519K [0x0000000700000000, 0x0000000800000000)
  region size 2048K, 34 young (69632K), 5 survivors (10240K)
 Metaspace       used 98802K, committed 101120K, reserved 1179648K
  class space    used 13759K, committed 14912K, reserved 1048576K
}
Event: 29.639 GC heap after
{Heap after GC invocations=37 (full 0):
 garbage-first heap   total 243712K, used 152628K [0x0000000700000000, 0x0000000800000000)
  region size 2048K, 4 young (8192K), 4 survivors (8192K)
 Metaspace       used 98802K, committed 101120K, reserved 1179648K
  class space    used 13759K, committed 14912K, reserved 1048576K
}
Event: 30.518 GC heap before
{Heap before GC invocations=37 (full 0):
 garbage-first heap   total 243712K, used 209972K [0x0000000700000000, 0x0000000800000000)
  region size 2048K, 32 young (65536K), 4 survivors (8192K)
 Metaspace       used 106239K, committed 108864K, reserved 1179648K
  class space    used 14739K, committed 16064K, reserved 1048576K
}
Event: 30.523 GC heap after
{Heap after GC invocations=38 (full 0):
 garbage-first heap   total 243712K, used 155234K [0x0000000700000000, 0x0000000800000000)
  region size 2048K, 2 young (4096K), 2 survivors (4096K)
 Metaspace       used 106239K, committed 108864K, reserved 1179648K
  class space    used 14739K, committed 16064K, reserved 1048576K
}
Event: 31.277 GC heap before
{Heap before GC invocations=39 (full 0):
 garbage-first heap   total 260096K, used 214626K [0x0000000700000000, 0x0000000800000000)
  region size 2048K, 31 young (63488K), 2 survivors (4096K)
 Metaspace       used 109914K, committed 112576K, reserved 1179648K
  class space    used 15148K, committed 16512K, reserved 1048576K
}
Event: 31.281 GC heap after
{Heap after GC invocations=40 (full 0):
 garbage-first heap   total 260096K, used 159002K [0x0000000700000000, 0x0000000800000000)
  region size 2048K, 4 young (8192K), 4 survivors (8192K)
 Metaspace       used 109914K, committed 112576K, reserved 1179648K
  class space    used 15148K, committed 16512K, reserved 1048576K
}
Event: 32.567 GC heap before
{Heap before GC invocations=40 (full 0):
 garbage-first heap   total 260096K, used 230682K [0x0000000700000000, 0x0000000800000000)
  region size 2048K, 39 young (79872K), 4 survivors (8192K)
 Metaspace       used 116076K, committed 118784K, reserved 1179648K
  class space    used 15775K, committed 17152K, reserved 1048576K
}
Event: 32.576 GC heap after
{Heap after GC invocations=41 (full 0):
 garbage-first heap   total 260096K, used 162268K [0x0000000700000000, 0x0000000800000000)
  region size 2048K, 5 young (10240K), 5 survivors (10240K)
 Metaspace       used 116076K, committed 118784K, reserved 1179648K
  class space    used 15775K, committed 17152K, reserved 1048576K
}
Event: 33.583 GC heap before
{Heap before GC invocations=41 (full 0):
 garbage-first heap   total 260096K, used 231900K [0x0000000700000000, 0x0000000800000000)
  region size 2048K, 39 young (79872K), 5 survivors (10240K)
 Metaspace       used 125392K, committed 128064K, reserved 1179648K
  class space    used 16752K, committed 18112K, reserved 1048576K
}
Event: 33.591 GC heap after
{Heap after GC invocations=42 (full 0):
 garbage-first heap   total 260096K, used 166621K [0x0000000700000000, 0x0000000800000000)
  region size 2048K, 5 young (10240K), 5 survivors (10240K)
 Metaspace       used 125392K, committed 128064K, reserved 1179648K
  class space    used 16752K, committed 18112K, reserved 1048576K
}

